[01m[K/home/nth/ros2_ws/src/tf2_cpp/src/turtle_tf2.cpp:1:10:[m[K [01;31m[Kfatal error: [m[Kgeometry_msgs/msg/transfrom_stamped.hpp: No such file or directory
    1 | #include [01;31m[K<geometry_msgs/msg/transfrom_stamped.hpp>[m[K
      |          [01;31m[K^~~~~~~~~~~~~~~~~~~~~~~~~~~~~~~~~~~~~~~~~[m[K
compilation terminated.
make[2]: *** [CMakeFiles/turtle_tf2.dir/build.make:63: CMakeFiles/turtle_tf2.dir/src/turtle_tf2.cpp.o] Error 1
make[1]: *** [CMakeFiles/Makefile2:78: CMakeFiles/turtle_tf2.dir/all] Error 2
make: *** [Makefile:141: all] Error 2
