[35m[1mScanning dependencies of target turtle_tf2[0m
[ 50%] [32mBuilding CXX object CMakeFiles/turtle_tf2.dir/src/turtle_tf2.cpp.o[0m
[01m[K/home/nth/ros2_ws/src/tf2_cpp/src/turtle_tf2.cpp:40:17:[m[K [01;31m[Kerror: [m[Kâ€˜[01m[KSubcription[m[Kâ€™ in namespace â€˜[01m[Krclcpp[m[Kâ€™ does not name a template type; did you mean â€˜[01m[KSubscription[m[Kâ€™?
   40 |         rclcpp::[01;31m[KSubcription[m[K<turtlesim::msg::Pose>::SharedPtr subcription_;
      |                 [01;31m[K^~~~~~~~~~~[m[K
      |                 [32m[KSubscription[m[K
[01m[K/home/nth/ros2_ws/src/tf2_cpp/src/turtle_tf2.cpp:[m[K In constructor â€˜[01m[KFramePublisher::FramePublisher()[m[Kâ€™:
[01m[K/home/nth/ros2_ws/src/tf2_cpp/src/turtle_tf2.cpp:14:36:[m[K [01;31m[Kerror: [m[Kâ€˜[01m[Kmake_uniquie[m[Kâ€™ is not a member of â€˜[01m[Kstd[m[Kâ€™; did you mean â€˜[01m[Kmake_unique[m[Kâ€™?
   14 |             tf_broadcaster_ = std::[01;31m[Kmake_uniquie[m[K<tf2_ros::TransformBoardcaster>(*this);
      |                                    [01;31m[K^~~~~~~~~~~~[m[K
      |                                    [32m[Kmake_unique[m[K
[01m[K/home/nth/ros2_ws/src/tf2_cpp/src/turtle_tf2.cpp:14:58:[m[K [01;31m[Kerror: [m[Kâ€˜[01m[KTransformBoardcaster[m[Kâ€™ is not a member of â€˜[01m[Ktf2_ros[m[Kâ€™; did you mean â€˜[01m[KTransformBroadcaster[m[Kâ€™?
   14 |             tf_broadcaster_ = std::make_uniquie<tf2_ros::[01;31m[KTransformBoardcaster[m[K>(*this);
      |                                                          [01;31m[K^~~~~~~~~~~~~~~~~~~~[m[K
      |                                                          [32m[KTransformBroadcaster[m[K
[01m[K/home/nth/ros2_ws/src/tf2_cpp/src/turtle_tf2.cpp:18:13:[m[K [01;31m[Kerror: [m[Kâ€˜[01m[Ksubcription_[m[Kâ€™ was not declared in this scope; did you mean â€˜[01m[Krcl_subscription_t[m[Kâ€™?
   18 |             [01;31m[Ksubcription_[m[K = this->create_subcription<turtlesim::msg::Pose>(
      |             [01;31m[K^~~~~~~~~~~~[m[K
      |             [32m[Krcl_subscription_t[m[K
[01m[K/home/nth/ros2_ws/src/tf2_cpp/src/turtle_tf2.cpp:18:34:[m[K [01;31m[Kerror: [m[Kâ€˜[01m[Kclass FramePublisher[m[Kâ€™ has no member named â€˜[01m[Kcreate_subcription[m[Kâ€™; did you mean â€˜[01m[Kcreate_subscription[m[Kâ€™?
   18 |             subcription_ = this->[01;31m[Kcreate_subcription[m[K<turtlesim::msg::Pose>(
      |                                  [01;31m[K^~~~~~~~~~~~~~~~~~[m[K
      |                                  [32m[Kcreate_subscription[m[K
[01m[K/home/nth/ros2_ws/src/tf2_cpp/src/turtle_tf2.cpp:18:73:[m[K [01;31m[Kerror: [m[Kexpected primary-expression before â€˜[01m[K>[m[Kâ€™ token
   18 |             subcription_ = this->create_subcription<turtlesim::msg::Pose[01;31m[K>[m[K(
      |                                                                         [01;31m[K^[m[K
[01m[K/home/nth/ros2_ws/src/tf2_cpp/src/turtle_tf2.cpp:19:17:[m[K [01;35m[Kwarning: [m[Kleft operand of comma operator has no effect [[01;35m[K-Wunused-value[m[K]
   19 |                 [01;35m[Ktopic_name[m[K,10, std::bind(&FramePublisher::handle_turtle_pose, this, _1)
      |                 [01;35m[K^~~~~~~~~~[m[K
[01m[K/home/nth/ros2_ws/src/tf2_cpp/src/turtle_tf2.cpp:19:87:[m[K [01;35m[Kwarning: [m[Kright operand of comma operator has no effect [[01;35m[K-Wunused-value[m[K]
   19 |                 topic_name,10, std::bind(&FramePublisher::handle_turtle_pose, this, _1[01;35m[K)[m[K
      |                                                                                       [01;35m[K^[m[K
make[2]: *** [CMakeFiles/turtle_tf2.dir/build.make:63: CMakeFiles/turtle_tf2.dir/src/turtle_tf2.cpp.o] Error 1
make[1]: *** [CMakeFiles/Makefile2:78: CMakeFiles/turtle_tf2.dir/all] Error 2
make: *** [Makefile:141: all] Error 2
