[0.286s] Invoking command in '/home/nth/ros2_ws/build/tf2_cpp': CMAKE_PREFIX_PATH=${CMAKE_PREFIX_PATH}:/home/nth/ros2_ws/install/turtlesim_test:/home/nth/ros2_ws/install/service_test:/home/nth/rtc_ws/install/turtlebot3_teleop:/home/nth/rtc_ws/install/turtlebot3_example:/home/nth/rtc_ws/install/nav2_gazebo_spawner:/opt/ros/foxy /usr/bin/cmake --build /home/nth/ros2_ws/build/tf2_cpp -- -j16 -l16
[0.333s] [35m[1mScanning dependencies of target turtle_tf2[0m
[0.356s] [ 50%] [32mBuilding CXX object CMakeFiles/turtle_tf2.dir/src/turtle_tf2.cpp.o[0m
[1.461s] [01m[K/home/nth/ros2_ws/src/tf2_cpp/src/turtle_tf2.cpp:40:17:[m[K [01;31m[Kerror: [m[Kâ€˜[01m[KSubcription[m[Kâ€™ in namespace â€˜[01m[Krclcpp[m[Kâ€™ does not name a template type; did you mean â€˜[01m[KSubscription[m[Kâ€™?
[1.461s]    40 |         rclcpp::[01;31m[KSubcription[m[K<turtlesim::msg::Pose>::SharedPtr subcription_;
[1.461s]       |                 [01;31m[K^~~~~~~~~~~[m[K
[1.461s]       |                 [32m[KSubscription[m[K
[1.471s] [01m[K/home/nth/ros2_ws/src/tf2_cpp/src/turtle_tf2.cpp:[m[K In constructor â€˜[01m[KFramePublisher::FramePublisher()[m[Kâ€™:
[1.471s] [01m[K/home/nth/ros2_ws/src/tf2_cpp/src/turtle_tf2.cpp:14:36:[m[K [01;31m[Kerror: [m[Kâ€˜[01m[Kmake_uniquie[m[Kâ€™ is not a member of â€˜[01m[Kstd[m[Kâ€™; did you mean â€˜[01m[Kmake_unique[m[Kâ€™?
[1.471s]    14 |             tf_broadcaster_ = std::[01;31m[Kmake_uniquie[m[K<tf2_ros::TransformBoardcaster>(*this);
[1.471s]       |                                    [01;31m[K^~~~~~~~~~~~[m[K
[1.471s]       |                                    [32m[Kmake_unique[m[K
[1.471s] [01m[K/home/nth/ros2_ws/src/tf2_cpp/src/turtle_tf2.cpp:14:58:[m[K [01;31m[Kerror: [m[Kâ€˜[01m[KTransformBoardcaster[m[Kâ€™ is not a member of â€˜[01m[Ktf2_ros[m[Kâ€™; did you mean â€˜[01m[KTransformBroadcaster[m[Kâ€™?
[1.471s]    14 |             tf_broadcaster_ = std::make_uniquie<tf2_ros::[01;31m[KTransformBoardcaster[m[K>(*this);
[1.471s]       |                                                          [01;31m[K^~~~~~~~~~~~~~~~~~~~[m[K
[1.471s]       |                                                          [32m[KTransformBroadcaster[m[K
[1.474s] [01m[K/home/nth/ros2_ws/src/tf2_cpp/src/turtle_tf2.cpp:18:13:[m[K [01;31m[Kerror: [m[Kâ€˜[01m[Ksubcription_[m[Kâ€™ was not declared in this scope; did you mean â€˜[01m[Krcl_subscription_t[m[Kâ€™?
[1.474s]    18 |             [01;31m[Ksubcription_[m[K = this->create_subcription<turtlesim::msg::Pose>(
[1.474s]       |             [01;31m[K^~~~~~~~~~~~[m[K
[1.474s]       |             [32m[Krcl_subscription_t[m[K
[1.474s] [01m[K/home/nth/ros2_ws/src/tf2_cpp/src/turtle_tf2.cpp:18:34:[m[K [01;31m[Kerror: [m[Kâ€˜[01m[Kclass FramePublisher[m[Kâ€™ has no member named â€˜[01m[Kcreate_subcription[m[Kâ€™; did you mean â€˜[01m[Kcreate_subscription[m[Kâ€™?
[1.474s]    18 |             subcription_ = this->[01;31m[Kcreate_subcription[m[K<turtlesim::msg::Pose>(
[1.474s]       |                                  [01;31m[K^~~~~~~~~~~~~~~~~~[m[K
[1.474s]       |                                  [32m[Kcreate_subscription[m[K
[1.474s] [01m[K/home/nth/ros2_ws/src/tf2_cpp/src/turtle_tf2.cpp:18:73:[m[K [01;31m[Kerror: [m[Kexpected primary-expression before â€˜[01m[K>[m[Kâ€™ token
[1.474s]    18 |             subcription_ = this->create_subcription<turtlesim::msg::Pose[01;31m[K>[m[K(
[1.474s]       |                                                                         [01;31m[K^[m[K
[1.474s] [01m[K/home/nth/ros2_ws/src/tf2_cpp/src/turtle_tf2.cpp:19:17:[m[K [01;35m[Kwarning: [m[Kleft operand of comma operator has no effect [[01;35m[K-Wunused-value[m[K]
[1.474s]    19 |                 [01;35m[Ktopic_name[m[K,10, std::bind(&FramePublisher::handle_turtle_pose, this, _1)
[1.474s]       |                 [01;35m[K^~~~~~~~~~[m[K
[1.481s] [01m[K/home/nth/ros2_ws/src/tf2_cpp/src/turtle_tf2.cpp:19:87:[m[K [01;35m[Kwarning: [m[Kright operand of comma operator has no effect [[01;35m[K-Wunused-value[m[K]
[1.482s]    19 |                 topic_name,10, std::bind(&FramePublisher::handle_turtle_pose, this, _1[01;35m[K)[m[K
[1.482s]       |                                                                                       [01;35m[K^[m[K
[1.767s] make[2]: *** [CMakeFiles/turtle_tf2.dir/build.make:63: CMakeFiles/turtle_tf2.dir/src/turtle_tf2.cpp.o] Error 1
[1.767s] make[1]: *** [CMakeFiles/Makefile2:78: CMakeFiles/turtle_tf2.dir/all] Error 2
[1.767s] make: *** [Makefile:141: all] Error 2
[1.770s] Invoked command in '/home/nth/ros2_ws/build/tf2_cpp' returned '2': CMAKE_PREFIX_PATH=${CMAKE_PREFIX_PATH}:/home/nth/ros2_ws/install/turtlesim_test:/home/nth/ros2_ws/install/service_test:/home/nth/rtc_ws/install/turtlebot3_teleop:/home/nth/rtc_ws/install/turtlebot3_example:/home/nth/rtc_ws/install/nav2_gazebo_spawner:/opt/ros/foxy /usr/bin/cmake --build /home/nth/ros2_ws/build/tf2_cpp -- -j16 -l16
