[35m[1mScanning dependencies of target turtle_tf2[0m
[ 50%] [32mBuilding CXX object CMakeFiles/turtle_tf2.dir/src/turtle_tf2.cpp.o[0m
[01m[K/home/nth/ros2_ws/src/tf2_cpp/src/turtle_tf2.cpp:[m[K In constructor â€˜[01m[KFramePublisher::FramePublisher()[m[Kâ€™:
[01m[K/home/nth/ros2_ws/src/tf2_cpp/src/turtle_tf2.cpp:14:36:[m[K [01;31m[Kerror: [m[Kâ€˜[01m[Kmake_uniquie[m[Kâ€™ is not a member of â€˜[01m[Kstd[m[Kâ€™; did you mean â€˜[01m[Kmake_unique[m[Kâ€™?
   14 |             tf_broadcaster_ = std::[01;31m[Kmake_uniquie[m[K<tf2_ros::TransformBoardcaster>(*this);
      |                                    [01;31m[K^~~~~~~~~~~~[m[K
      |                                    [32m[Kmake_unique[m[K
[01m[K/home/nth/ros2_ws/src/tf2_cpp/src/turtle_tf2.cpp:14:58:[m[K [01;31m[Kerror: [m[Kâ€˜[01m[KTransformBoardcaster[m[Kâ€™ is not a member of â€˜[01m[Ktf2_ros[m[Kâ€™; did you mean â€˜[01m[KTransformBroadcaster[m[Kâ€™?
   14 |             tf_broadcaster_ = std::make_uniquie<tf2_ros::[01;31m[KTransformBoardcaster[m[K>(*this);
      |                                                          [01;31m[K^~~~~~~~~~~~~~~~~~~~[m[K
      |                                                          [32m[KTransformBroadcaster[m[K
make[2]: *** [CMakeFiles/turtle_tf2.dir/build.make:63: CMakeFiles/turtle_tf2.dir/src/turtle_tf2.cpp.o] Error 1
make[1]: *** [CMakeFiles/Makefile2:78: CMakeFiles/turtle_tf2.dir/all] Error 2
make: *** [Makefile:141: all] Error 2
